[2020-04-11 01:04:07] local.ERROR: Class 'Vinkla\Hashids\HashidsServiceProvider' not found {"exception":"[object] (Symfony\\Component\\Debug\\Exception\\FatalThrowableError(code: 0): Class 'Vinkla\\Hashids\\HashidsServiceProvider' not found at /var/www/html/buyers/vendor/laravel/framework/src/Illuminate/Foundation/Application.php:670)
[stacktrace]
#0 /var/www/html/buyers/vendor/laravel/framework/src/Illuminate/Foundation/Application.php(604): Illuminate\\Foundation\\Application->resolveProvider('Vinkla\\\\Hashids\\\\...')
#1 /var/www/html/buyers/vendor/laravel/framework/src/Illuminate/Foundation/ProviderRepository.php(75): Illuminate\\Foundation\\Application->register('Vinkla\\\\Hashids\\\\...')
#2 /var/www/html/buyers/vendor/laravel/framework/src/Illuminate/Foundation/Application.php(584): Illuminate\\Foundation\\ProviderRepository->load(Array)
#3 /var/www/html/buyers/vendor/laravel/framework/src/Illuminate/Foundation/Bootstrap/RegisterProviders.php(17): Illuminate\\Foundation\\Application->registerConfiguredProviders()
#4 /var/www/html/buyers/vendor/laravel/framework/src/Illuminate/Foundation/Application.php(210): Illuminate\\Foundation\\Bootstrap\\RegisterProviders->bootstrap(Object(Illuminate\\Foundation\\Application))
#5 /var/www/html/buyers/vendor/laravel/framework/src/Illuminate/Foundation/Console/Kernel.php(322): Illuminate\\Foundation\\Application->bootstrapWith(Array)
#6 /var/www/html/buyers/vendor/laravel/framework/src/Illuminate/Foundation/Console/Kernel.php(131): Illuminate\\Foundation\\Console\\Kernel->bootstrap()
#7 /var/www/html/buyers/artisan(37): Illuminate\\Foundation\\Console\\Kernel->handle(Object(Symfony\\Component\\Console\\Input\\ArgvInput), Object(Symfony\\Component\\Console\\Output\\ConsoleOutput))
#8 {main}
"} 
[2020-04-11 01:10:54] local.ERROR: Class 'Vinkla\Hashids\HashidsServiceProvider' not found {"exception":"[object] (Symfony\\Component\\Debug\\Exception\\FatalThrowableError(code: 0): Class 'Vinkla\\Hashids\\HashidsServiceProvider' not found at /var/www/html/buyers/vendor/laravel/framework/src/Illuminate/Foundation/Application.php:670)
[stacktrace]
#0 /var/www/html/buyers/vendor/laravel/framework/src/Illuminate/Foundation/Application.php(604): Illuminate\\Foundation\\Application->resolveProvider('Vinkla\\\\Hashids\\\\...')
#1 /var/www/html/buyers/vendor/laravel/framework/src/Illuminate/Foundation/ProviderRepository.php(75): Illuminate\\Foundation\\Application->register('Vinkla\\\\Hashids\\\\...')
#2 /var/www/html/buyers/vendor/laravel/framework/src/Illuminate/Foundation/Application.php(584): Illuminate\\Foundation\\ProviderRepository->load(Array)
#3 /var/www/html/buyers/vendor/laravel/framework/src/Illuminate/Foundation/Bootstrap/RegisterProviders.php(17): Illuminate\\Foundation\\Application->registerConfiguredProviders()
#4 /var/www/html/buyers/vendor/laravel/framework/src/Illuminate/Foundation/Application.php(210): Illuminate\\Foundation\\Bootstrap\\RegisterProviders->bootstrap(Object(Illuminate\\Foundation\\Application))
#5 /var/www/html/buyers/vendor/laravel/framework/src/Illuminate/Foundation/Console/Kernel.php(322): Illuminate\\Foundation\\Application->bootstrapWith(Array)
#6 /var/www/html/buyers/vendor/laravel/framework/src/Illuminate/Foundation/Console/Kernel.php(131): Illuminate\\Foundation\\Console\\Kernel->bootstrap()
#7 /var/www/html/buyers/artisan(37): Illuminate\\Foundation\\Console\\Kernel->handle(Object(Symfony\\Component\\Console\\Input\\ArgvInput), Object(Symfony\\Component\\Console\\Output\\ConsoleOutput))
#8 {main}
"} 
[2020-04-11 01:11:01] local.ERROR: Class 'Vinkla\Hashids\HashidsServiceProvider' not found {"exception":"[object] (Symfony\\Component\\Debug\\Exception\\FatalThrowableError(code: 0): Class 'Vinkla\\Hashids\\HashidsServiceProvider' not found at /var/www/html/buyers/vendor/laravel/framework/src/Illuminate/Foundation/Application.php:670)
[stacktrace]
#0 /var/www/html/buyers/vendor/laravel/framework/src/Illuminate/Foundation/Application.php(604): Illuminate\\Foundation\\Application->resolveProvider('Vinkla\\\\Hashids\\\\...')
#1 /var/www/html/buyers/vendor/laravel/framework/src/Illuminate/Foundation/ProviderRepository.php(75): Illuminate\\Foundation\\Application->register('Vinkla\\\\Hashids\\\\...')
#2 /var/www/html/buyers/vendor/laravel/framework/src/Illuminate/Foundation/Application.php(584): Illuminate\\Foundation\\ProviderRepository->load(Array)
#3 /var/www/html/buyers/vendor/laravel/framework/src/Illuminate/Foundation/Bootstrap/RegisterProviders.php(17): Illuminate\\Foundation\\Application->registerConfiguredProviders()
#4 /var/www/html/buyers/vendor/laravel/framework/src/Illuminate/Foundation/Application.php(210): Illuminate\\Foundation\\Bootstrap\\RegisterProviders->bootstrap(Object(Illuminate\\Foundation\\Application))
#5 /var/www/html/buyers/vendor/laravel/framework/src/Illuminate/Foundation/Console/Kernel.php(322): Illuminate\\Foundation\\Application->bootstrapWith(Array)
#6 /var/www/html/buyers/vendor/laravel/framework/src/Illuminate/Foundation/Console/Kernel.php(131): Illuminate\\Foundation\\Console\\Kernel->bootstrap()
#7 /var/www/html/buyers/artisan(37): Illuminate\\Foundation\\Console\\Kernel->handle(Object(Symfony\\Component\\Console\\Input\\ArgvInput), Object(Symfony\\Component\\Console\\Output\\ConsoleOutput))
#8 {main}
"} 
